<?xml version="1.0" encoding="UTF-8"?>
<!-- Generated by org.testng.reporters.JUnitReportReporter -->
<testsuite hostname="Jacks-Mac-mini.local" failures="0" tests="2" name="com.stest.AppTest" time="0.045" errors="0" timestamp="2023-08-08T15:11:33 IST" skipped="0">
  <testcase classname="com.stest.AppTest" name="failedLogin" time="0.032"/>
  <testcase classname="com.stest.AppTest" name="successLogin" time="0.013"/>
</testsuite> <!-- com.stest.AppTest -->
