<?xml version="1.0" encoding="UTF-8"?>
<!-- Generated by org.testng.reporters.JUnitReportReporter -->
<testsuite hostname="Jacks-Mac-mini.local" failures="0" tests="1" name="com.stest.TC_Login" time="13.215" errors="0" timestamp="2023-08-08T15:11:33 IST" skipped="0">
  <testcase classname="com.stest.TC_Login" name="loginTest" time="13.215"/>
</testsuite> <!-- com.stest.TC_Login -->
