<?xml version="1.0" encoding="UTF-8"?>
<!-- Generated by org.testng.reporters.JUnitReportReporter -->
<testsuite hostname="Jacks-Mac-mini.local" failures="0" tests="3" name="com.stest.TestNgBasics" time="0.008" errors="0" timestamp="2023-08-08T15:11:33 IST" skipped="0">
  <testcase classname="com.stest.TestNgBasics" name="googleLogoTest" time="0.003"/>
  <testcase classname="com.stest.TestNgBasics" name="googleTitleTest" time="0.002"/>
  <testcase classname="com.stest.TestNgBasics" name="searchTest" time="0.003"/>
</testsuite> <!-- com.stest.TestNgBasics -->
