<?xml version="1.0" encoding="UTF-8"?>
<!-- Generated by org.testng.reporters.JUnitReportReporter -->
<testsuite hostname="Jacks-Mac-mini.local" failures="0" tests="3" name="com.stest.TestNgBasics" time="0.048" errors="0" timestamp="2023-08-04T18:14:58 IST" skipped="0">
  <testcase classname="com.stest.TestNgBasics" name="googleTitleTest" time="0.004"/>
  <testcase classname="com.stest.TestNgBasics" name="googleLogoTest" time="0.022"/>
  <testcase classname="com.stest.TestNgBasics" name="searchTest" time="0.022"/>
</testsuite> <!-- com.stest.TestNgBasics -->
