<?xml version="1.0" encoding="UTF-8"?>
<!-- Generated by org.testng.reporters.JUnitReportReporter -->
<testsuite hostname="Jacks-Mac-mini.local" failures="0" tests="3" name="com.stest.GoogleTest" time="40.088" errors="0" timestamp="2023-08-04T19:17:13 IST" skipped="0">
  <testcase classname="com.stest.GoogleTest" name="googleTitleTest" time="9.640"/>
  <testcase classname="com.stest.GoogleTest" name="googleLogoTest" time="7.431"/>
  <testcase classname="com.stest.GoogleTest" name="gmailButtonTest" time="23.017"/>
</testsuite> <!-- com.stest.GoogleTest -->
