<?xml version="1.0" encoding="UTF-8"?>
<!-- Generated by org.testng.reporters.JUnitReportReporter -->
<testsuite hostname="Jacks-Mac-mini.local" failures="0" tests="1" name="com.stest.TC_Login" time="18.106" errors="0" timestamp="2023-07-27T12:32:05 IST" skipped="0">
  <testcase classname="com.stest.TC_Login" name="loginTest" time="18.106"/>
  <system-out/>
</testsuite> <!-- com.stest.TC_Login -->
