<?xml version="1.0" encoding="UTF-8"?>
<!-- Generated by org.testng.reporters.JUnitReportReporter -->
<testsuite hostname="Jacks-Mac-mini.local" failures="0" tests="6" name="com.stest.GoogleTest" time="41.317" errors="0" timestamp="2023-08-08T15:11:33 IST" skipped="0">
  <testcase classname="com.stest.GoogleTest" name="googleTitleTest" time="6.349"/>
  <testcase classname="com.stest.GoogleTest" name="googleLogoTest" time="7.195"/>
  <testcase classname="com.stest.GoogleTest" name="gmailButtonTest" time="6.880"/>
  <testcase classname="com.stest.GoogleTest" name="test1" time="7.937"/>
  <testcase classname="com.stest.GoogleTest" name="test2" time="6.628"/>
  <testcase classname="com.stest.GoogleTest" name="test3" time="6.328"/>
</testsuite> <!-- com.stest.GoogleTest -->
