<?xml version="1.0" encoding="UTF-8"?>
<!-- Generated by org.testng.reporters.JUnitReportReporter -->
<testsuite hostname="Jacks-Mac-mini.local" failures="0" tests="22" name="com.stest.TestNgReatures" time="0.349" errors="0" timestamp="2023-08-08T15:11:33 IST" skipped="0">
  <testcase classname="com.stest.TestNgReatures" name="homePageTest" time="0.058"/>
  <testcase classname="com.stest.TestNgReatures" name="homePageTest" time="0.001"/>
  <testcase classname="com.stest.TestNgReatures" name="homePageTest" time="0.002"/>
  <testcase classname="com.stest.TestNgReatures" name="homePageTest" time="0.051"/>
  <testcase classname="com.stest.TestNgReatures" name="homePageTest" time="0.004"/>
  <testcase classname="com.stest.TestNgReatures" name="homePageTest" time="0.001"/>
  <testcase classname="com.stest.TestNgReatures" name="homePageTest" time="0.001"/>
  <testcase classname="com.stest.TestNgReatures" name="loginTest" time="0.003"/>
  <testcase classname="com.stest.TestNgReatures" name="homePageTest" time="0.005"/>
  <testcase classname="com.stest.TestNgReatures" name="homePageTest" time="0.003"/>
  <testcase classname="com.stest.TestNgReatures" name="homePageTest" time="0.002"/>
  <testcase classname="com.stest.TestNgReatures" name="homePageTest" time="0.002"/>
  <testcase classname="com.stest.TestNgReatures" name="homePageTest" time="0.008"/>
  <testcase classname="com.stest.TestNgReatures" name="formatTest" time="0.005"/>
  <testcase classname="com.stest.TestNgReatures" name="homePageTest" time="0.001"/>
  <testcase classname="com.stest.TestNgReatures" name="homePageTest" time="0.001"/>
  <testcase classname="com.stest.TestNgReatures" name="homePageTest" time="0.014"/>
  <testcase classname="com.stest.TestNgReatures" name="homePageTest" time="0.002"/>
  <testcase classname="com.stest.TestNgReatures" name="homePageTest" time="0.072"/>
  <testcase classname="com.stest.TestNgReatures" name="homePageTest" time="0.064"/>
  <testcase classname="com.stest.TestNgReatures" name="homePageTest" time="0.042"/>
  <testcase classname="com.stest.TestNgReatures" name="homePageTest" time="0.007"/>
</testsuite> <!-- com.stest.TestNgReatures -->
