<?xml version="1.0" encoding="UTF-8"?>
<!-- Generated by org.testng.reporters.JUnitReportReporter -->
<testsuite hostname="Jacks-Mac-mini.local" failures="0" tests="2" name="com.stest.AppTest" time="0.065" errors="0" timestamp="2023-07-27T12:32:05 IST" skipped="0">
  <testcase classname="com.stest.AppTest" name="successLogin" time="0.001"/>
  <system-out/>
  <testcase classname="com.stest.AppTest" name="failedLogin" time="0.064"/>
  <system-out/>
</testsuite> <!-- com.stest.AppTest -->
